2022/11/11 15:51:49 [notice] 1#1: using the "epoll" event method
2022/11/11 15:51:49 [notice] 1#1: nginx/1.23.2
2022/11/11 15:51:49 [notice] 1#1: built by gcc 11.2.1 20220219 (Alpine 11.2.1_git20220219) 
2022/11/11 15:51:49 [notice] 1#1: OS: Linux 5.15.0-52-generic
2022/11/11 15:51:49 [notice] 1#1: getrlimit(RLIMIT_NOFILE): 1048576:1048576
2022/11/11 15:51:49 [notice] 1#1: start worker processes
2022/11/11 15:51:49 [notice] 1#1: start worker process 30
2022/11/11 15:51:49 [notice] 1#1: start worker process 31
2022/11/11 15:51:49 [notice] 1#1: start worker process 32
2022/11/11 15:51:49 [notice] 1#1: start worker process 33
2022/11/11 15:51:49 [notice] 1#1: start worker process 34
2022/11/11 15:51:49 [notice] 1#1: start worker process 35
2022/11/11 15:51:49 [notice] 1#1: start worker process 36
2022/11/11 15:51:49 [notice] 1#1: start worker process 37
2022/11/11 15:53:08 [notice] 1#1: signal 3 (SIGQUIT) received, shutting down
2022/11/11 15:53:08 [notice] 31#31: gracefully shutting down
2022/11/11 15:53:08 [notice] 32#32: gracefully shutting down
2022/11/11 15:53:08 [notice] 33#33: gracefully shutting down
2022/11/11 15:53:08 [notice] 34#34: gracefully shutting down
2022/11/11 15:53:08 [notice] 30#30: gracefully shutting down
2022/11/11 15:53:08 [notice] 37#37: gracefully shutting down
2022/11/11 15:53:08 [notice] 31#31: exiting
2022/11/11 15:53:08 [notice] 32#32: exiting
2022/11/11 15:53:08 [notice] 33#33: exiting
2022/11/11 15:53:08 [notice] 34#34: exiting
2022/11/11 15:53:08 [notice] 30#30: exiting
2022/11/11 15:53:08 [notice] 37#37: exiting
2022/11/11 15:53:08 [notice] 31#31: exit
2022/11/11 15:53:08 [notice] 33#33: exit
2022/11/11 15:53:08 [notice] 37#37: exit
2022/11/11 15:53:08 [notice] 32#32: exit
2022/11/11 15:53:08 [notice] 30#30: exit
2022/11/11 15:53:08 [notice] 34#34: exit
2022/11/11 15:53:08 [notice] 36#36: gracefully shutting down
2022/11/11 15:53:08 [notice] 36#36: exiting
2022/11/11 15:53:08 [notice] 36#36: exit
2022/11/11 15:53:08 [notice] 35#35: gracefully shutting down
2022/11/11 15:53:08 [notice] 35#35: exiting
2022/11/11 15:53:08 [notice] 35#35: exit
2022/11/11 15:53:08 [notice] 1#1: signal 17 (SIGCHLD) received from 34
2022/11/11 15:53:08 [notice] 1#1: worker process 34 exited with code 0
2022/11/11 15:53:08 [notice] 1#1: worker process 35 exited with code 0
2022/11/11 15:53:08 [notice] 1#1: signal 29 (SIGIO) received
2022/11/11 15:53:08 [notice] 1#1: signal 17 (SIGCHLD) received from 32
2022/11/11 15:53:08 [notice] 1#1: worker process 32 exited with code 0
2022/11/11 15:53:08 [notice] 1#1: worker process 37 exited with code 0
2022/11/11 15:53:08 [notice] 1#1: signal 29 (SIGIO) received
2022/11/11 15:53:08 [notice] 1#1: signal 17 (SIGCHLD) received from 31
2022/11/11 15:53:08 [notice] 1#1: worker process 31 exited with code 0
2022/11/11 15:53:08 [notice] 1#1: signal 29 (SIGIO) received
2022/11/11 15:53:08 [notice] 1#1: signal 17 (SIGCHLD) received from 36
2022/11/11 15:53:08 [notice] 1#1: worker process 36 exited with code 0
2022/11/11 15:53:08 [notice] 1#1: signal 29 (SIGIO) received
2022/11/11 15:53:08 [notice] 1#1: signal 17 (SIGCHLD) received from 33
2022/11/11 15:53:08 [notice] 1#1: worker process 33 exited with code 0
2022/11/11 15:53:08 [notice] 1#1: signal 29 (SIGIO) received
2022/11/11 15:53:08 [notice] 1#1: signal 17 (SIGCHLD) received from 30
2022/11/11 15:53:08 [notice] 1#1: worker process 30 exited with code 0
2022/11/11 15:53:08 [notice] 1#1: exit
2022/11/11 15:53:59 [notice] 1#1: using the "epoll" event method
2022/11/11 15:53:59 [notice] 1#1: nginx/1.23.2
2022/11/11 15:53:59 [notice] 1#1: built by gcc 11.2.1 20220219 (Alpine 11.2.1_git20220219) 
2022/11/11 15:53:59 [notice] 1#1: OS: Linux 5.15.0-52-generic
2022/11/11 15:53:59 [notice] 1#1: getrlimit(RLIMIT_NOFILE): 1048576:1048576
2022/11/11 15:53:59 [notice] 1#1: start worker processes
2022/11/11 15:53:59 [notice] 1#1: start worker process 30
2022/11/11 15:53:59 [notice] 1#1: start worker process 31
2022/11/11 15:53:59 [notice] 1#1: start worker process 32
2022/11/11 15:53:59 [notice] 1#1: start worker process 33
2022/11/11 15:53:59 [notice] 1#1: start worker process 34
2022/11/11 15:53:59 [notice] 1#1: start worker process 35
2022/11/11 15:53:59 [notice] 1#1: start worker process 36
2022/11/11 15:53:59 [notice] 1#1: start worker process 37
2022/11/11 15:55:47 [notice] 1#1: signal 3 (SIGQUIT) received, shutting down
2022/11/11 15:55:47 [notice] 30#30: gracefully shutting down
2022/11/11 15:55:47 [notice] 32#32: gracefully shutting down
2022/11/11 15:55:47 [notice] 33#33: gracefully shutting down
2022/11/11 15:55:47 [notice] 36#36: gracefully shutting down
2022/11/11 15:55:47 [notice] 35#35: gracefully shutting down
2022/11/11 15:55:47 [notice] 32#32: exiting
2022/11/11 15:55:47 [notice] 33#33: exiting
2022/11/11 15:55:47 [notice] 36#36: exiting
2022/11/11 15:55:47 [notice] 35#35: exiting
2022/11/11 15:55:47 [notice] 30#30: exiting
2022/11/11 15:55:47 [notice] 35#35: exit
2022/11/11 15:55:47 [notice] 33#33: exit
2022/11/11 15:55:47 [notice] 32#32: exit
2022/11/11 15:55:47 [notice] 36#36: exit
2022/11/11 15:55:47 [notice] 30#30: exit
2022/11/11 15:55:47 [notice] 34#34: gracefully shutting down
2022/11/11 15:55:47 [notice] 34#34: exiting
2022/11/11 15:55:47 [notice] 34#34: exit
2022/11/11 15:55:47 [notice] 37#37: gracefully shutting down
2022/11/11 15:55:47 [notice] 31#31: gracefully shutting down
2022/11/11 15:55:47 [notice] 37#37: exiting
2022/11/11 15:55:47 [notice] 31#31: exiting
2022/11/11 15:55:47 [notice] 37#37: exit
2022/11/11 15:55:47 [notice] 31#31: exit
2022/11/11 15:55:47 [notice] 1#1: signal 17 (SIGCHLD) received from 36
2022/11/11 15:55:47 [notice] 1#1: worker process 36 exited with code 0
2022/11/11 15:55:47 [notice] 1#1: signal 29 (SIGIO) received
2022/11/11 15:55:47 [notice] 1#1: signal 17 (SIGCHLD) received from 32
2022/11/11 15:55:47 [notice] 1#1: worker process 32 exited with code 0
2022/11/11 15:55:47 [notice] 1#1: signal 29 (SIGIO) received
2022/11/11 15:55:47 [notice] 1#1: signal 17 (SIGCHLD) received from 31
2022/11/11 15:55:47 [notice] 1#1: worker process 31 exited with code 0
2022/11/11 15:55:47 [notice] 1#1: signal 29 (SIGIO) received
2022/11/11 15:55:47 [notice] 1#1: signal 17 (SIGCHLD) received from 35
2022/11/11 15:55:47 [notice] 1#1: worker process 35 exited with code 0
2022/11/11 15:55:47 [notice] 1#1: signal 29 (SIGIO) received
2022/11/11 15:55:47 [notice] 1#1: signal 17 (SIGCHLD) received from 33
2022/11/11 15:55:47 [notice] 1#1: worker process 33 exited with code 0
2022/11/11 15:55:47 [notice] 1#1: signal 29 (SIGIO) received
2022/11/11 15:55:47 [notice] 1#1: signal 17 (SIGCHLD) received from 34
2022/11/11 15:55:47 [notice] 1#1: worker process 34 exited with code 0
2022/11/11 15:55:47 [notice] 1#1: signal 29 (SIGIO) received
2022/11/11 15:55:47 [notice] 1#1: signal 17 (SIGCHLD) received from 37
2022/11/11 15:55:47 [notice] 1#1: worker process 30 exited with code 0
2022/11/11 15:55:47 [notice] 1#1: worker process 37 exited with code 0
2022/11/11 15:55:47 [notice] 1#1: exit
2022/11/11 15:55:53 [notice] 1#1: using the "epoll" event method
2022/11/11 15:55:53 [notice] 1#1: nginx/1.23.2
2022/11/11 15:55:53 [notice] 1#1: built by gcc 11.2.1 20220219 (Alpine 11.2.1_git20220219) 
2022/11/11 15:55:53 [notice] 1#1: OS: Linux 5.15.0-52-generic
2022/11/11 15:55:53 [notice] 1#1: getrlimit(RLIMIT_NOFILE): 1048576:1048576
2022/11/11 15:55:53 [notice] 1#1: start worker processes
2022/11/11 15:55:53 [notice] 1#1: start worker process 29
2022/11/11 15:55:53 [notice] 1#1: start worker process 30
2022/11/11 15:55:53 [notice] 1#1: start worker process 31
2022/11/11 15:55:53 [notice] 1#1: start worker process 32
2022/11/11 15:55:53 [notice] 1#1: start worker process 33
2022/11/11 15:55:53 [notice] 1#1: start worker process 34
2022/11/11 15:55:53 [notice] 1#1: start worker process 35
2022/11/11 15:55:53 [notice] 1#1: start worker process 36
